<?xml version="1.0" encoding="UTF-8"?>
<!-- Generated by org.testng.reporters.JUnitReportReporter -->
<testsuite hostname="Mainullaptop" failures="0" tests="9" name="com.testng.practice.PracticeTestngMethods" time="0.010" errors="0" timestamp="2023-11-05T01:33:52 EST" skipped="1">
  <testcase classname="com.testng.practice.PracticeTestngMethods" name="login" time="0.000"/>
  <testcase classname="com.testng.practice.PracticeTestngMethods" name="login" time="0.001"/>
  <testcase classname="com.testng.practice.PracticeTestngMethods" name="login" time="0.001"/>
  <testcase classname="com.testng.practice.PracticeTestngMethods" name="login" time="0.005"/>
  <testcase classname="com.testng.practice.PracticeTestngMethods" name="login" time="0.001"/>
  <testcase classname="com.testng.practice.PracticeTestngMethods" name="dress" time="0.000"/>
  <testcase classname="com.testng.practice.PracticeTestngMethods" name="cart" time="0.001"/>
  <testcase classname="com.testng.practice.PracticeTestngMethods" name="placeOrder" time="0.001"/>
  <testcase classname="com.testng.practice.PracticeTestngMethods" name="payment">
    <skipped/>
  </testcase> <!-- payment -->
</testsuite> <!-- com.testng.practice.PracticeTestngMethods -->
