<?xml version="1.0" encoding="UTF-8"?>
<!-- Generated by org.testng.reporters.JUnitReportReporter -->
<testsuite hostname="Mainullaptop" failures="0" tests="1" name="com.testng.practice.FirstClass" time="5.767" errors="0" timestamp="2023-11-05T02:21:58 EST" skipped="0">
  <testcase classname="com.testng.practice.FirstClass" name="getmouseHover" time="5.767"/>
</testsuite> <!-- com.testng.practice.FirstClass -->
