<?xml version="1.0" encoding="UTF-8"?>
<!-- Generated by org.testng.reporters.JUnitReportReporter -->
<testsuite hostname="Mainullaptop" failures="0" tests="1" name="com.testng.practice.ParameterTestng" time="0.010" errors="0" timestamp="2023-11-05T01:22:13 EDT" skipped="0">
  <testcase classname="com.testng.practice.ParameterTestng" name="parameter" time="0.010"/>
</testsuite> <!-- com.testng.practice.ParameterTestng -->
