<?xml version="1.0" encoding="UTF-8"?>
<!-- Generated by org.testng.reporters.JUnitReportReporter -->
<testsuite hostname="Mainullaptop" failures="0" tests="1" name="com.testng.practice.SecondClass" time="14.641" errors="0" timestamp="2023-11-05T01:31:32 EST" skipped="0">
  <testcase classname="com.testng.practice.SecondClass" name="getLogIn" time="14.641"/>
</testsuite> <!-- com.testng.practice.SecondClass -->
