<?xml version="1.0" encoding="UTF-8"?>
<!-- Generated by org.testng.reporters.JUnitReportReporter -->
<testsuite hostname="Mainullaptop" failures="0" tests="1" name="com.testng.practice.CrossBrowserTestNG" time="8.762" errors="0" timestamp="2023-11-05T01:46:40 EDT" skipped="0">
  <testcase classname="com.testng.practice.CrossBrowserTestNG" name="crossbrowserCostco" time="8.762"/>
</testsuite> <!-- com.testng.practice.CrossBrowserTestNG -->
